<?xml version="1.0" encoding="UTF-8"?>
<robot generator="Robot 7.0 (Python 3.12.2 on win32)" generated="2024-04-19T15:30:34.616180" rpa="false" schemaversion="5">
<suite id="s1" name="Curso-Robot" source="C:\Users\Gustavo\Desktop\portfolio-QA\curso-robot">
<suite id="s1-s1" name="Testes" source="C:\Users\Gustavo\Desktop\portfolio-QA\curso-robot\testes">
<suite id="s1-s1-s1" name="Preenchimento Incorreto" source="C:\Users\Gustavo\Desktop\portfolio-QA\curso-robot\testes\preenchimento_incorreto.robot">
<test id="s1-s1-s1-t1" name="Verificar se quando um campo obrigatório não for preenchido corretamente o sistema exibe uma mensagem de campo obrigatório" line="10">
<kw name="Acesse o Organo" owner="setup_teardown" type="SETUP">
<kw name="Open Browser" owner="SeleniumLibrary">
<msg time="2024-04-19T15:30:35.082429" level="INFO">Opening browser 'Chrome' to base url 'http://127.0.0.1:3000/'.</msg>
<arg>url=http://127.0.0.1:3000/</arg>
<arg>browser=Chrome</arg>
<doc>Opens a new browser instance to the optional ``url``.</doc>
<status status="PASS" start="2024-04-19T15:30:35.081557" elapsed="1.398142"/>
</kw>
<status status="PASS" start="2024-04-19T15:30:35.080821" elapsed="1.398878"/>
</kw>
<kw name="Dado que eu clique no botão criar card" owner="cadastro">
<kw name="Click Element" owner="SeleniumLibrary">
<msg time="2024-04-19T15:30:36.479699" level="INFO">Clicking element 'id:form-botao'.</msg>
<arg>${CAMPO_CARD}</arg>
<doc>Click the element identified by ``locator``.</doc>
<status status="PASS" start="2024-04-19T15:30:36.479699" elapsed="0.061152"/>
</kw>
<status status="PASS" start="2024-04-19T15:30:36.479699" elapsed="0.062153"/>
</kw>
<kw name="Sleep" owner="BuiltIn">
<msg time="2024-04-19T15:30:51.542595" level="INFO">Slept 15 seconds.</msg>
<arg>15s</arg>
<doc>Pauses the test executed for the given time.</doc>
<status status="PASS" start="2024-04-19T15:30:36.542404" elapsed="15.000191"/>
</kw>
<kw name="Então sistema deve apresentar mensagem de campo obrigatório" owner="cadastro">
<kw name="Element Should Be Visible" owner="SeleniumLibrary">
<msg time="2024-04-19T15:30:51.543601" level="INFO">Element 'id:form-nome-erro' is displayed.</msg>
<arg>id:form-nome-erro</arg>
<doc>Verifies that the element identified by ``locator`` is visible.</doc>
<status status="PASS" start="2024-04-19T15:30:51.543601" elapsed="0.000000"/>
</kw>
<kw name="Element Should Be Visible" owner="SeleniumLibrary">
<msg time="2024-04-19T15:30:51.559235" level="INFO">Element 'id:form-cargo-erro' is displayed.</msg>
<arg>id:form-cargo-erro</arg>
<doc>Verifies that the element identified by ``locator`` is visible.</doc>
<status status="PASS" start="2024-04-19T15:30:51.543601" elapsed="0.015634"/>
</kw>
<kw name="Element Should Be Visible" owner="SeleniumLibrary">
<msg time="2024-04-19T15:30:51.581161" level="INFO">Element 'id:form-times-erro' is displayed.</msg>
<arg>id:form-times-erro</arg>
<doc>Verifies that the element identified by ``locator`` is visible.</doc>
<status status="PASS" start="2024-04-19T15:30:51.559235" elapsed="0.021926"/>
</kw>
<status status="PASS" start="2024-04-19T15:30:51.543601" elapsed="0.037560"/>
</kw>
<kw name="Feche o navegador" owner="setup_teardown" type="TEARDOWN">
<kw name="Close Browser" owner="SeleniumLibrary">
<doc>Closes the current browser.</doc>
<status status="PASS" start="2024-04-19T15:30:51.581161" elapsed="2.069023"/>
</kw>
<status status="PASS" start="2024-04-19T15:30:51.581161" elapsed="2.069023"/>
</kw>
<status status="PASS" start="2024-04-19T15:30:35.076298" elapsed="18.573886"/>
</test>
<status status="PASS" start="2024-04-19T15:30:34.643047" elapsed="19.009139"/>
</suite>
<status status="PASS" start="2024-04-19T15:30:34.643047" elapsed="19.010221"/>
</suite>
<status status="PASS" start="2024-04-19T15:30:34.626235" elapsed="19.027033"/>
</suite>
<statistics>
<total>
<stat pass="1" fail="0" skip="0">All Tests</stat>
</total>
<tag>
</tag>
<suite>
<stat pass="1" fail="0" skip="0" id="s1" name="Curso-Robot">Curso-Robot</stat>
<stat pass="1" fail="0" skip="0" id="s1-s1" name="Testes">Curso-Robot.Testes</stat>
<stat pass="1" fail="0" skip="0" id="s1-s1-s1" name="Preenchimento Incorreto">Curso-Robot.Testes.Preenchimento Incorreto</stat>
</suite>
</statistics>
<errors>
</errors>
</robot>
