<?xml version="1.0" encoding="UTF-8"?>
<robot generator="Robot 7.0 (Python 3.12.2 on win32)" generated="2024-04-19T16:18:39.691113" rpa="false" schemaversion="5">
<suite id="s1" name="Preenchimento Incorreto" source="C:\Users\Gustavo\Desktop\portfolio-QA\curso-robot\testes\preenchimento_incorreto.robot">
<test id="s1-t1" name="Verificar se quando um campo obrigatório não for preenchido corretamente o sistema exibe uma mensagem de campo obrigatório" line="10">
<kw name="Acesse o Organo" owner="setup_teardown" type="SETUP">
<kw name="Open Browser" owner="SeleniumLibrary">
<msg time="2024-04-19T16:18:40.128865" level="INFO">Opening browser 'Chrome' to base url 'http://127.0.0.1:3000/'.</msg>
<arg>url=http://127.0.0.1:3000/</arg>
<arg>browser=Chrome</arg>
<doc>Opens a new browser instance to the optional ``url``.</doc>
<status status="PASS" start="2024-04-19T16:18:40.128865" elapsed="1.342922"/>
</kw>
<status status="PASS" start="2024-04-19T16:18:40.113232" elapsed="1.358555"/>
</kw>
<kw name="Dado que eu clique no botão criar card" owner="cadastro">
<kw name="Click Element" owner="SeleniumLibrary">
<msg time="2024-04-19T16:18:41.471787" level="INFO">Clicking element 'id:form-botao'.</msg>
<arg>${CAMPO_CARD}</arg>
<doc>Click the element identified by ``locator``.</doc>
<status status="PASS" start="2024-04-19T16:18:41.471787" elapsed="0.051199"/>
</kw>
<status status="PASS" start="2024-04-19T16:18:41.471787" elapsed="0.051199"/>
</kw>
<kw name="Então sistema deve apresentar mensagem de campo obrigatório" owner="cadastro">
<kw name="Element Should Be Visible" owner="SeleniumLibrary">
<msg time="2024-04-19T16:18:41.538331" level="INFO">Element 'id:form-nome-erro' is displayed.</msg>
<arg>id:form-nome-erro</arg>
<doc>Verifies that the element identified by ``locator`` is visible.</doc>
<status status="PASS" start="2024-04-19T16:18:41.522986" elapsed="0.015345"/>
</kw>
<kw name="Element Should Be Visible" owner="SeleniumLibrary">
<msg time="2024-04-19T16:18:41.538331" level="INFO">Element 'id:form-cargo-erro' is displayed.</msg>
<arg>id:form-cargo-erro</arg>
<doc>Verifies that the element identified by ``locator`` is visible.</doc>
<status status="PASS" start="2024-04-19T16:18:41.538331" elapsed="0.014383"/>
</kw>
<kw name="Element Should Be Visible" owner="SeleniumLibrary">
<msg time="2024-04-19T16:18:41.557392" level="INFO">Element 'id:form-times-erro' is displayed.</msg>
<arg>id:form-times-erro</arg>
<doc>Verifies that the element identified by ``locator`` is visible.</doc>
<status status="PASS" start="2024-04-19T16:18:41.552714" elapsed="0.004678"/>
</kw>
<status status="PASS" start="2024-04-19T16:18:41.522986" elapsed="0.034406"/>
</kw>
<kw name="Sleep" owner="BuiltIn">
<msg time="2024-04-19T16:18:56.570017" level="INFO">Slept 15 seconds.</msg>
<arg>15s</arg>
<doc>Pauses the test executed for the given time.</doc>
<status status="PASS" start="2024-04-19T16:18:41.569453" elapsed="15.000564"/>
</kw>
<kw name="Feche o navegador" owner="setup_teardown" type="TEARDOWN">
<kw name="Close Browser" owner="SeleniumLibrary">
<doc>Closes the current browser.</doc>
<status status="PASS" start="2024-04-19T16:18:56.571022" elapsed="2.069477"/>
</kw>
<status status="PASS" start="2024-04-19T16:18:56.570017" elapsed="2.070482"/>
</kw>
<status status="PASS" start="2024-04-19T16:18:40.113232" elapsed="18.527267"/>
</test>
<status status="PASS" start="2024-04-19T16:18:39.692114" elapsed="18.948385"/>
</suite>
<statistics>
<total>
<stat pass="1" fail="0" skip="0">All Tests</stat>
</total>
<tag>
</tag>
<suite>
<stat pass="1" fail="0" skip="0" id="s1" name="Preenchimento Incorreto">Preenchimento Incorreto</stat>
</suite>
</statistics>
<errors>
</errors>
</robot>
